#-----------------------------------------------------------
# PlanAhead v14.7
# Build 321239 by xbuild on Fri Sep 27 19:31:35 MDT 2013
# Start of session at: Sun Oct 30 20:01:11 2022
# Process ID: 25300
# Log file: C:/Users/DreaMxickZen/Desktop/DigitalLab/Lab9/Lab9/planAhead_run_1/planAhead.log
# Journal file: C:/Users/DreaMxickZen/Desktop/DigitalLab/Lab9/Lab9/planAhead_run_1/planAhead.jou
#-----------------------------------------------------------
INFO: [Common 17-78] Attempting to get a license: PlanAhead
INFO: [Common 17-290] Got license for PlanAhead
INFO: [Device 21-36] Loading parts and site information from C:/Xilinx/14.7/ISE_DS/PlanAhead/data/parts/arch.xml
Parsing RTL primitives file [C:/Xilinx/14.7/ISE_DS/PlanAhead/data/parts/xilinx/rtl/prims/rtl_prims.xml]
Finished parsing RTL primitives file [C:/Xilinx/14.7/ISE_DS/PlanAhead/data/parts/xilinx/rtl/prims/rtl_prims.xml]
start_gui
source C:/Users/DreaMxickZen/Desktop/DigitalLab/Lab9/Lab9/pa.fromHdl.tcl
# create_project -name Lab9 -dir "C:/Users/DreaMxickZen/Desktop/DigitalLab/Lab9/Lab9/planAhead_run_1" -part xc6slx9tqg144-3
# set_param project.pinAheadLayout yes
# set srcset [get_property srcset [current_run -impl]]
# set_property target_constrs_file "Lab9.ucf" [current_fileset -constrset]
Adding file 'C:/Users/DreaMxickZen/Desktop/DigitalLab/Lab9/Lab9/Lab9.ucf' to fileset 'constrs_1'
# set hdlfile [add_files [list {Mux_4_1.vf}]]
# set_property file_type Verilog $hdlfile
# set_property library work $hdlfile
# set hdlfile [add_files [list {Mixbus1_16.vf}]]
# set_property file_type Verilog $hdlfile
# set_property library work $hdlfile
# set hdlfile [add_files [list {counter03.vf}]]
# set_property file_type Verilog $hdlfile
# set_property library work $hdlfile
# set hdlfile [add_files [list {slideswitch.vf}]]
# set_property file_type Verilog $hdlfile
# set_property library work $hdlfile
# set hdlfile [add_files [list {Sevenseg.vf}]]
# set_property file_type Verilog $hdlfile
# set_property library work $hdlfile
# set hdlfile [add_files [list {Mux_Swap_LED_4.vf}]]
# set_property file_type Verilog $hdlfile
# set_property library work $hdlfile
# set hdlfile [add_files [list {MixBus16_1.vf}]]
# set_property file_type Verilog $hdlfile
# set_property library work $hdlfile
# set hdlfile [add_files [list {DIP_switch.vf}]]
# set_property file_type Verilog $hdlfile
# set_property library work $hdlfile
# set hdlfile [add_files [list {CLK_Moded.vf}]]
# set_property file_type Verilog $hdlfile
# set_property library work $hdlfile
# set hdlfile [add_files [list {Lab9.vf}]]
# set_property file_type Verilog $hdlfile
# set_property library work $hdlfile
# set_property top Lab9 $srcset
# add_files [list {Lab9.ucf}] -fileset [get_property constrset [current_run]]
# open_rtl_design -part xc6slx9tqg144-3
Using Verific elaboration
Parsing VHDL file "C:/Xilinx/14.7/ISE_DS/PlanAhead/data/parts/xilinx/rtl/lib/synplify/synattr.vhd" into library synplify
Analyzing Verilog file "C:/Users/DreaMxickZen/Desktop/DigitalLab/Lab9/Lab9/Lab9.vf" into library work
Loading clock regions from C:/Xilinx/14.7/ISE_DS/PlanAhead/data\parts/xilinx/spartan6/spartan6lx/xc6slx9/ClockRegion.xml
Loading clock buffers from C:/Xilinx/14.7/ISE_DS/PlanAhead/data\parts/xilinx/spartan6/spartan6lx/xc6slx9/ClockBuffers.xml
Loading package pin functions from C:/Xilinx/14.7/ISE_DS/PlanAhead/data\parts/xilinx/spartan6/PinFunctions.xml...
Loading package from C:/Xilinx/14.7/ISE_DS/PlanAhead/data\parts/xilinx/spartan6/spartan6lx/xc6slx9/tqg144/Package.xml
Loading io standards from C:/Xilinx/14.7/ISE_DS/PlanAhead/data\./parts/xilinx/spartan6/IOStandards.xml
Loading device configuration modes from C:/Xilinx/14.7/ISE_DS/PlanAhead/data\parts/xilinx/spartan6/ConfigModes.xml
Loading list of drcs for the architecture : C:/Xilinx/14.7/ISE_DS/PlanAhead/data\./parts/xilinx/spartan6/drc.xml
Parsing UCF File [C:/Users/DreaMxickZen/Desktop/DigitalLab/Lab9/Lab9/Lab9.ucf]
Finished Parsing UCF File [C:/Users/DreaMxickZen/Desktop/DigitalLab/Lab9/Lab9/Lab9.ucf]
INFO: [Project 1-111] Unisim Transformation Summary:
No Unisim elements were transformed.

Phase 0 | Netlist Checksum: b1fe6bb7
open_rtl_design: Time (s): elapsed = 00:00:08 . Memory (MB): peak = 554.430 ; gain = 106.957
update_compile_order -fileset sim_1
startgroup
set_property package_pin P99 [get_ports DIP_P99]
endgroup
startgroup
set_property package_pin P100 [get_ports DIP_P100]
endgroup
startgroup
set_property package_pin P101 [get_ports DIP_P101]
endgroup
startgroup
set_property package_pin P102 [get_ports DIP_P102]
endgroup
set_property package_pin "" [get_ports [list  DIP_P105]]
startgroup
set_property package_pin P104 [get_ports DIP_P104]
endgroup
startgroup
set_property package_pin P105 [get_ports DIP_P105]
endgroup
startgroup
set_property package_pin P111 [get_ports DIP_P111]
endgroup
startgroup
set_property package_pin P112 [get_ports DIP_P112]
endgroup
startgroup
set_property package_pin P123 [get_ports OSC]
endgroup
startgroup
set_property package_pin P27 [get_ports P27]
endgroup
startgroup
set_property package_pin P29 [get_ports P29]
endgroup
startgroup
set_property package_pin P32 [get_ports P32]
endgroup
startgroup
set_property package_pin P34 [get_ports P34]
endgroup
startgroup
set_property package_pin P35 [get_ports P35]
endgroup
startgroup
set_property package_pin P40 [get_ports P40]
endgroup
startgroup
set_property package_pin P41 [get_ports P41]
endgroup
startgroup
set_property package_pin P45 [get_ports P_45]
endgroup
startgroup
set_property package_pin P55 [get_ports SL_P55]
endgroup
startgroup
set_property package_pin P56 [get_ports SL_P56]
endgroup
startgroup
set_property package_pin P57 [get_ports SL_P57]
endgroup
startgroup
set_property package_pin P58 [get_ports SL_P58]
endgroup
startgroup
set_property package_pin P59 [get_ports SL_P59]
endgroup
startgroup
set_property package_pin P61 [get_ports SL_P61]
endgroup
startgroup
set_property package_pin P62 [get_ports SL_P62]
endgroup
startgroup
set_property package_pin P66 [get_ports SL_P66]
endgroup
save_constraints
exit
ERROR: [PlanAhead 12-106] *** Exception: ui.h.b: Found deleted key in HTclEventBroker. Verify if the classes listed here call cleanup()
HTclEvent: SIGNAL_MODIFY   Classes: ui.views.aR 
HTclEvent: SIGNAL_BUS_MODIFY   Classes: ui.views.aR 
HTclEvent: DEBUG_CORE_CONFIG_CHANGE   Classes: ui.views.aR 
HTclEvent: DEBUG_PORT_CONFIG_CHANGE   Classes: ui.views.aR 
 (See C:/Users/DreaMxickZen/Desktop/DigitalLab/Lab9/Lab9\planAhead_pid25300.debug)
ERROR: [Common 17-39] 'stop_gui' failed due to earlier errors.
INFO: [Common 17-206] Exiting PlanAhead at Sun Oct 30 20:12:36 2022...
INFO: [Common 17-83] Releasing license: PlanAhead
