
****** PlanAhead v14.7
  **** Build 321239 by xbuild on Fri Sep 27 19:31:35 MDT 2013
    ** Copyright 1986-1999, 2001-2013 Xilinx, Inc. All Rights Reserved.

INFO: [Common 17-78] Attempting to get a license: PlanAhead
INFO: [Common 17-290] Got license for PlanAhead
INFO: [Device 21-36] Loading parts and site information from C:/Xilinx/14.7/ISE_DS/PlanAhead/data/parts/arch.xml
Parsing RTL primitives file [C:/Xilinx/14.7/ISE_DS/PlanAhead/data/parts/xilinx/rtl/prims/rtl_prims.xml]
Finished parsing RTL primitives file [C:/Xilinx/14.7/ISE_DS/PlanAhead/data/parts/xilinx/rtl/prims/rtl_prims.xml]
start_gui
source C:/Users/DreaMxickZen/Desktop/DigitalLab/Lab9/Lab9/pa.fromHdl.tcl
# create_project -name Lab9 -dir "C:/Users/DreaMxickZen/Desktop/DigitalLab/Lab9/Lab9/planAhead_run_2" -part xc6slx9tqg144-3
# set_param project.pinAheadLayout yes
# set srcset [get_property srcset [current_run -impl]]
# set_property target_constrs_file "Lab9.ucf" [current_fileset -constrset]
Adding file 'C:/Users/DreaMxickZen/Desktop/DigitalLab/Lab9/Lab9/Lab9.ucf' to fileset 'constrs_1'
# set hdlfile [add_files [list {Mux_4_1.vf}]]
# set_property file_type Verilog $hdlfile
# set_property library work $hdlfile
# set hdlfile [add_files [list {Mixbus1_16.vf}]]
# set_property file_type Verilog $hdlfile
# set_property library work $hdlfile
# set hdlfile [add_files [list {counter03.vf}]]
# set_property file_type Verilog $hdlfile
# set_property library work $hdlfile
# set hdlfile [add_files [list {slideswitch.vf}]]
# set_property file_type Verilog $hdlfile
# set_property library work $hdlfile
# set hdlfile [add_files [list {Sevenseg.vf}]]
# set_property file_type Verilog $hdlfile
# set_property library work $hdlfile
# set hdlfile [add_files [list {Mux_Swap_LED_4.vf}]]
# set_property file_type Verilog $hdlfile
# set_property library work $hdlfile
# set hdlfile [add_files [list {MixBus16_1.vf}]]
# set_property file_type Verilog $hdlfile
# set_property library work $hdlfile
# set hdlfile [add_files [list {DIP_switch.vf}]]
# set_property file_type Verilog $hdlfile
# set_property library work $hdlfile
# set hdlfile [add_files [list {Decoder2to4New.vf}]]
# set_property file_type Verilog $hdlfile
# set_property library work $hdlfile
# set hdlfile [add_files [list {CLK_Moded.vf}]]
# set_property file_type Verilog $hdlfile
# set_property library work $hdlfile
# set hdlfile [add_files [list {Lab9.vf}]]
# set_property file_type Verilog $hdlfile
# set_property library work $hdlfile
# set_property top Lab9 $srcset
# add_files [list {Lab9.ucf}] -fileset [get_property constrset [current_run]]
# open_rtl_design -part xc6slx9tqg144-3
Using Verific elaboration
Parsing VHDL file "C:/Xilinx/14.7/ISE_DS/PlanAhead/data/parts/xilinx/rtl/lib/synplify/synattr.vhd" into library synplify
Analyzing Verilog file "C:/Users/DreaMxickZen/Desktop/DigitalLab/Lab9/Lab9/Lab9.vf" into library work
Loading clock regions from C:/Xilinx/14.7/ISE_DS/PlanAhead/data\parts/xilinx/spartan6/spartan6lx/xc6slx9/ClockRegion.xml
Loading clock buffers from C:/Xilinx/14.7/ISE_DS/PlanAhead/data\parts/xilinx/spartan6/spartan6lx/xc6slx9/ClockBuffers.xml
Loading package pin functions from C:/Xilinx/14.7/ISE_DS/PlanAhead/data\parts/xilinx/spartan6/PinFunctions.xml...
Loading package from C:/Xilinx/14.7/ISE_DS/PlanAhead/data\parts/xilinx/spartan6/spartan6lx/xc6slx9/tqg144/Package.xml
Loading io standards from C:/Xilinx/14.7/ISE_DS/PlanAhead/data\./parts/xilinx/spartan6/IOStandards.xml
Loading device configuration modes from C:/Xilinx/14.7/ISE_DS/PlanAhead/data\parts/xilinx/spartan6/ConfigModes.xml
Loading list of drcs for the architecture : C:/Xilinx/14.7/ISE_DS/PlanAhead/data\./parts/xilinx/spartan6/drc.xml
Parsing UCF File [C:/Users/DreaMxickZen/Desktop/DigitalLab/Lab9/Lab9/Lab9.ucf]
Finished Parsing UCF File [C:/Users/DreaMxickZen/Desktop/DigitalLab/Lab9/Lab9/Lab9.ucf]
INFO: [Project 1-111] Unisim Transformation Summary:
No Unisim elements were transformed.

Phase 0 | Netlist Checksum: bc08cd17
open_rtl_design: Time (s): elapsed = 00:00:07 . Memory (MB): peak = 588.520 ; gain = 100.438
update_compile_order -fileset sim_1
set_property package_pin "" [get_ports [list  COM_1]]
startgroup
set_property package_pin P44 [get_ports COM_0]
endgroup
startgroup
set_property package_pin P43 [get_ports COM_1]
endgroup
startgroup
set_property package_pin P33 [get_ports COM_2]
endgroup
startgroup
set_property package_pin P30 [get_ports COM_3]
endgroup
save_constraints
exit
ERROR: [Common 17-39] 'stop_gui' failed due to earlier errors.
INFO: [Common 17-206] Exiting PlanAhead at Sun Oct 30 20:11:45 2022...
INFO: [Common 17-83] Releasing license: PlanAhead
