Release 14.7 - xst P.20131013 (nt64)
Copyright (c) 1995-2013 Xilinx, Inc.  All rights reserved.
--> Parameter TMPDIR set to xst/projnav.tmp


Total REAL time to Xst completion: 0.00 secs
Total CPU time to Xst completion: 0.13 secs
 
--> Parameter xsthdpdir set to xst


Total REAL time to Xst completion: 0.00 secs
Total CPU time to Xst completion: 0.13 secs
 
--> Reading design: Sevenseg.prj

TABLE OF CONTENTS
  1) Synthesis Options Summary
  2) HDL Parsing
  3) HDL Elaboration
  4) HDL Synthesis
       4.1) HDL Synthesis Report
  5) Advanced HDL Synthesis
       5.1) Advanced HDL Synthesis Report
  6) Low Level Synthesis
  7) Partition Report
  8) Design Summary
       8.1) Primitive and Black Box Usage
       8.2) Device utilization summary
       8.3) Partition Resource Summary
       8.4) Timing Report
            8.4.1) Clock Information
            8.4.2) Asynchronous Control Signals Information
            8.4.3) Timing Summary
            8.4.4) Timing Details
            8.4.5) Cross Clock Domains Report


=========================================================================
*                      Synthesis Options Summary                        *
=========================================================================
---- Source Parameters
Input File Name                    : "Sevenseg.prj"
Ignore Synthesis Constraint File   : NO

---- Target Parameters
Output File Name                   : "Sevenseg"
Output Format                      : NGC
Target Device                      : xc6slx9-3-tqg144

---- Source Options
Top Module Name                    : Sevenseg
Automatic FSM Extraction           : YES
FSM Encoding Algorithm             : Auto
Safe Implementation                : No
FSM Style                          : LUT
RAM Extraction                     : Yes
RAM Style                          : Auto
ROM Extraction                     : Yes
Shift Register Extraction          : YES
ROM Style                          : Auto
Resource Sharing                   : YES
Asynchronous To Synchronous        : NO
Shift Register Minimum Size        : 2
Use DSP Block                      : Auto
Automatic Register Balancing       : No

---- Target Options
LUT Combining                      : Auto
Reduce Control Sets                : Auto
Add IO Buffers                     : YES
Global Maximum Fanout              : 100000
Add Generic Clock Buffer(BUFG)     : 16
Register Duplication               : YES
Optimize Instantiated Primitives   : NO
Use Clock Enable                   : Auto
Use Synchronous Set                : Auto
Use Synchronous Reset              : Auto
Pack IO Registers into IOBs        : Auto
Equivalent register Removal        : YES

---- General Options
Optimization Goal                  : Speed
Optimization Effort                : 1
Power Reduction                    : NO
Keep Hierarchy                     : No
Netlist Hierarchy                  : As_Optimized
RTL Output                         : Yes
Global Optimization                : AllClockNets
Read Cores                         : YES
Write Timing Constraints           : NO
Cross Clock Analysis               : NO
Hierarchy Separator                : /
Bus Delimiter                      : <>
Case Specifier                     : Maintain
Slice Utilization Ratio            : 100
BRAM Utilization Ratio             : 100
DSP48 Utilization Ratio            : 100
Auto BRAM Packing                  : NO
Slice Utilization Ratio Delta      : 5

=========================================================================


=========================================================================
*                          HDL Parsing                                  *
=========================================================================
Analyzing Verilog file "C:\Users\XickZenF5\Desktop\Digital\Lab8\SevenSegment\SevenSegment\Sevenseg.vf" into library work
Parsing module <OR6_HXILINX_Sevenseg>.
Parsing module <OR7_HXILINX_Sevenseg>.
Parsing module <Sevenseg>.

=========================================================================
*                            HDL Elaboration                            *
=========================================================================

Elaborating module <Sevenseg>.

Elaborating module <AND2B2>.

Elaborating module <AND3B1>.

Elaborating module <AND3B2>.

Elaborating module <AND2B1>.

Elaborating module <AND2>.

Elaborating module <OR6_HXILINX_Sevenseg>.

Elaborating module <AND3B3>.

Elaborating module <OR5>.

Elaborating module <AND3>.

Elaborating module <OR4>.

Elaborating module <OR7_HXILINX_Sevenseg>.

=========================================================================
*                           HDL Synthesis                               *
=========================================================================

Synthesizing Unit <Sevenseg>.
    Related source file is "C:\Users\XickZenF5\Desktop\Digital\Lab8\SevenSegment\SevenSegment\Sevenseg.vf".
    Set property "HU_SET = XLXI_7_0" for instance <XLXI_7>.
    Set property "HU_SET = XLXI_15_1" for instance <XLXI_15>.
    Set property "HU_SET = XLXI_46_2" for instance <XLXI_46>.
    Set property "HU_SET = XLXI_57_3" for instance <XLXI_57>.
    Summary:
	no macro.
Unit <Sevenseg> synthesized.

Synthesizing Unit <OR6_HXILINX_Sevenseg>.
    Related source file is "C:\Users\XickZenF5\Desktop\Digital\Lab8\SevenSegment\SevenSegment\Sevenseg.vf".
    Summary:
	no macro.
Unit <OR6_HXILINX_Sevenseg> synthesized.

Synthesizing Unit <OR7_HXILINX_Sevenseg>.
    Related source file is "C:\Users\XickZenF5\Desktop\Digital\Lab8\SevenSegment\SevenSegment\Sevenseg.vf".
    Summary:
	no macro.
Unit <OR7_HXILINX_Sevenseg> synthesized.

=========================================================================
HDL Synthesis Report

Found no macro
=========================================================================

=========================================================================
*                       Advanced HDL Synthesis                          *
=========================================================================


=========================================================================
Advanced HDL Synthesis Report

Found no macro
=========================================================================

=========================================================================
*                         Low Level Synthesis                           *
=========================================================================

Optimizing unit <Sevenseg> ...

Optimizing unit <OR6_HXILINX_Sevenseg> ...

Optimizing unit <OR7_HXILINX_Sevenseg> ...

Mapping all equations...
Building and optimizing final netlist ...
Found area constraint ratio of 100 (+ 5) on block Sevenseg, actual ratio is 0.

Final Macro Processing ...

=========================================================================
Final Register Report

Found no macro
=========================================================================

=========================================================================
*                           Partition Report                            *
=========================================================================

Partition Implementation Status
-------------------------------

  No Partitions were found in this design.

-------------------------------

=========================================================================
*                            Design Summary                             *
=========================================================================

Top Level Output File Name         : Sevenseg.ngc

Primitive and Black Box Usage:
------------------------------
# BELS                             : 47
#      AND2                        : 5
#      AND2B1                      : 8
#      AND2B2                      : 6
#      AND3                        : 1
#      AND3B1                      : 9
#      AND3B2                      : 8
#      AND3B3                      : 2
#      LUT2                        : 1
#      LUT6                        : 4
#      OR4                         : 1
#      OR5                         : 2
# IO Buffers                       : 11
#      IBUF                        : 4
#      OBUF                        : 7

Device utilization summary:
---------------------------

Selected Device : 6slx9tqg144-3 


Slice Logic Utilization: 
 Number of Slice LUTs:                    5  out of   5720     0%  
    Number used as Logic:                 5  out of   5720     0%  

Slice Logic Distribution: 
 Number of LUT Flip Flop pairs used:      5
   Number with an unused Flip Flop:       5  out of      5   100%  
   Number with an unused LUT:             0  out of      5     0%  
   Number of fully used LUT-FF pairs:     0  out of      5     0%  
   Number of unique control sets:         0

IO Utilization: 
 Number of IOs:                          11
 Number of bonded IOBs:                  11  out of    102    10%  

Specific Feature Utilization:

---------------------------
Partition Resource Summary:
---------------------------

  No Partitions were found in this design.

---------------------------


=========================================================================
Timing Report

NOTE: THESE TIMING NUMBERS ARE ONLY A SYNTHESIS ESTIMATE.
      FOR ACCURATE TIMING INFORMATION PLEASE REFER TO THE TRACE REPORT
      GENERATED AFTER PLACE-and-ROUTE.

Clock Information:
------------------
No clock signals found in this design

Asynchronous Control Signals Information:
----------------------------------------
No asynchronous control signals found in this design

Timing Summary:
---------------
Speed Grade: -3

   Minimum period: No path found
   Minimum input arrival time before clock: No path found
   Maximum output required time after clock: No path found
   Maximum combinational path delay: 7.817ns

Timing Details:
---------------
All values displayed in nanoseconds (ns)

=========================================================================
Timing constraint: Default path analysis
  Total number of paths / destination ports: 98 / 7
-------------------------------------------------------------------------
Delay:               7.817ns (Levels of Logic = 6)
  Source:            D (PAD)
  Destination:       g_P27 (PAD)

  Data Path: D to g_P27
                                Gate     Net
    Cell:in->out      fanout   Delay   Delay  Logical Name (Net Name)
    ----------------------------------------  ------------
     IBUF:I->O            26   1.222   1.571  D_IBUF (D_IBUF)
     AND2:I0->O            1   0.203   0.684  XLXI_44 (XLXN_59)
     begin scope: 'XLXI_46:I1'
     LUT2:I0->O            1   0.203   0.580  O_SW0 (N01)
     LUT6:I5->O            1   0.205   0.579  O (O)
     end scope: 'XLXI_46:O'
     OBUF:I->O                 2.571          g_P27_OBUF (g_P27)
    ----------------------------------------
    Total                      7.817ns (4.404ns logic, 3.413ns route)
                                       (56.3% logic, 43.7% route)

=========================================================================

Cross Clock Domains Report:
--------------------------

=========================================================================


Total REAL time to Xst completion: 5.00 secs
Total CPU time to Xst completion: 5.22 secs
 
--> 

Total memory usage is 4485796 kilobytes

Number of errors   :    0 (   0 filtered)
Number of warnings :    0 (   0 filtered)
Number of infos    :    0 (   0 filtered)

