--------------------------------------------------------------------------------
Release 14.7 Trace  (nt64)
Copyright (c) 1995-2013 Xilinx, Inc.  All rights reserved.

C:\Xilinx\14.7\ISE_DS\ISE\bin\nt64\unwrapped\trce.exe -intstyle ise -v 3 -s 3
-n 3 -fastpaths -xml Sevenseg.twx Sevenseg.ncd -o Sevenseg.twr Sevenseg.pcf
-ucf Sevenseg.ucf

Design file:              Sevenseg.ncd
Physical constraint file: Sevenseg.pcf
Device,package,speed:     xc6slx9,tqg144,C,-3 (PRODUCTION 1.23 2013-10-13)
Report level:             verbose report

Environment Variable      Effect 
--------------------      ------ 
NONE                      No environment variables were set
--------------------------------------------------------------------------------

INFO:Timing:2698 - No timing constraints found, doing default enumeration.
INFO:Timing:3412 - To improve timing, see the Timing Closure User Guide (UG612).
INFO:Timing:2752 - To get complete path coverage, use the unconstrained paths 
   option. All paths that are not constrained will be reported in the 
   unconstrained paths section(s) of the report.
INFO:Timing:3339 - The clock-to-out numbers in this timing report are based on 
   a 50 Ohm transmission line loading model.  For the details of this model, 
   and for more information on accounting for different loading conditions, 
   please see the device datasheet.



Data Sheet report:
-----------------
All values displayed in nanoseconds (ns)

Pad to Pad
---------------+---------------+---------+
Source Pad     |Destination Pad|  Delay  |
---------------+---------------+---------+
A              |a_P41          |    7.356|
A              |b_P40          |    7.968|
A              |c_P35          |    7.464|
A              |d_P34          |    7.719|
A              |e_P32          |    7.904|
A              |f_P29          |    8.398|
A              |g_P27          |    8.769|
B              |a_P41          |    7.645|
B              |b_P40          |    8.118|
B              |c_P35          |    7.999|
B              |d_P34          |    7.857|
B              |e_P32          |    8.155|
B              |f_P29          |    8.973|
B              |g_P27          |    9.269|
C              |a_P41          |    7.556|
C              |b_P40          |    7.866|
C              |c_P35          |    7.484|
C              |d_P34          |    7.439|
C              |e_P32          |    7.672|
C              |f_P29          |    8.423|
C              |g_P27          |    8.342|
D              |a_P41          |    7.130|
D              |b_P40          |    7.317|
D              |c_P35          |    7.085|
D              |d_P34          |    7.048|
D              |e_P32          |    7.264|
D              |f_P29          |    7.989|
D              |g_P27          |    7.984|
---------------+---------------+---------+


Analysis completed Tue Oct 18 01:25:29 2022 
--------------------------------------------------------------------------------

Trace Settings:
-------------------------
Trace Settings 

Peak Memory Usage: 4571 MB



