
****** PlanAhead v14.7
  **** Build 321239 by xbuild on Fri Sep 27 19:31:35 MDT 2013
    ** Copyright 1986-1999, 2001-2013 Xilinx, Inc. All Rights Reserved.

INFO: [Common 17-78] Attempting to get a license: PlanAhead
INFO: [Common 17-290] Got license for PlanAhead
INFO: [Device 21-36] Loading parts and site information from C:/Xilinx/14.7/ISE_DS/PlanAhead/data/parts/arch.xml
Parsing RTL primitives file [C:/Xilinx/14.7/ISE_DS/PlanAhead/data/parts/xilinx/rtl/prims/rtl_prims.xml]
Finished parsing RTL primitives file [C:/Xilinx/14.7/ISE_DS/PlanAhead/data/parts/xilinx/rtl/prims/rtl_prims.xml]
start_gui
source C:/Users/XickZenF5/Desktop/Digital/Lab8/Lab8/pa.fromHdl.tcl
# create_project -name Lab8 -dir "C:/Users/XickZenF5/Desktop/Digital/Lab8/Lab8/planAhead_run_2" -part xc6slx9tqg144-3
# set_param project.pinAheadLayout yes
# set srcset [get_property srcset [current_run -impl]]
# set_property target_constrs_file "Lab8.ucf" [current_fileset -constrset]
Adding file 'C:/Users/XickZenF5/Desktop/Digital/Lab8/Lab8/Lab8.ucf' to fileset 'constrs_1'
# set hdlfile [add_files [list {ModSelect.vf}]]
# set_property file_type Verilog $hdlfile
# set_property library work $hdlfile
# set hdlfile [add_files [list {Counter03.vf}]]
# set_property file_type Verilog $hdlfile
# set_property library work $hdlfile
# set hdlfile [add_files [list {Sevenseg.vf}]]
# set_property file_type Verilog $hdlfile
# set_property library work $hdlfile
# set hdlfile [add_files [list {slideswitch.vf}]]
# set_property file_type Verilog $hdlfile
# set_property library work $hdlfile
# set hdlfile [add_files [list {Mux_4_4_11.vf}]]
# set_property file_type Verilog $hdlfile
# set_property library work $hdlfile
# set hdlfile [add_files [list {DIP_switch.vf}]]
# set_property file_type Verilog $hdlfile
# set_property library work $hdlfile
# set hdlfile [add_files [list {Lab8.vf}]]
# set_property file_type Verilog $hdlfile
# set_property library work $hdlfile
# set_property top Lab8 $srcset
# add_files [list {Lab8.ucf}] -fileset [get_property constrset [current_run]]
# open_rtl_design -part xc6slx9tqg144-3
Using Verific elaboration
Parsing VHDL file "C:/Xilinx/14.7/ISE_DS/PlanAhead/data/parts/xilinx/rtl/lib/synplify/synattr.vhd" into library synplify
Analyzing Verilog file "C:/Users/XickZenF5/Desktop/Digital/Lab8/Lab8/Sevenseg.vf" into library work
Analyzing Verilog file "C:/Users/XickZenF5/Desktop/Digital/Lab8/Lab8/ModSelect.vf" into library work
Analyzing Verilog file "C:/Users/XickZenF5/Desktop/Digital/Lab8/Lab8/Counter03.vf" into library work
Analyzing Verilog file "C:/Users/XickZenF5/Desktop/Digital/Lab8/Lab8/Lab8.vf" into library work
Loading clock regions from C:/Xilinx/14.7/ISE_DS/PlanAhead/data\parts/xilinx/spartan6/spartan6lx/xc6slx9/ClockRegion.xml
Loading clock buffers from C:/Xilinx/14.7/ISE_DS/PlanAhead/data\parts/xilinx/spartan6/spartan6lx/xc6slx9/ClockBuffers.xml
Loading package pin functions from C:/Xilinx/14.7/ISE_DS/PlanAhead/data\parts/xilinx/spartan6/PinFunctions.xml...
Loading package from C:/Xilinx/14.7/ISE_DS/PlanAhead/data\parts/xilinx/spartan6/spartan6lx/xc6slx9/tqg144/Package.xml
Loading io standards from C:/Xilinx/14.7/ISE_DS/PlanAhead/data\./parts/xilinx/spartan6/IOStandards.xml
Loading device configuration modes from C:/Xilinx/14.7/ISE_DS/PlanAhead/data\parts/xilinx/spartan6/ConfigModes.xml
Loading list of drcs for the architecture : C:/Xilinx/14.7/ISE_DS/PlanAhead/data\./parts/xilinx/spartan6/drc.xml
Parsing UCF File [C:/Users/XickZenF5/Desktop/Digital/Lab8/Lab8/Lab8.ucf]
Finished Parsing UCF File [C:/Users/XickZenF5/Desktop/Digital/Lab8/Lab8/Lab8.ucf]
INFO: [Project 1-111] Unisim Transformation Summary:
No Unisim elements were transformed.

Phase 0 | Netlist Checksum: 532fabef
open_rtl_design: Time (s): elapsed = 00:00:08 . Memory (MB): peak = 563.742 ; gain = 114.746
update_compile_order -fileset sim_1
startgroup
set_property package_pin P112 [get_ports DIP_SW1_P112]
endgroup
startgroup
set_property package_pin P111 [get_ports DIP_SW2_P111]
endgroup
startgroup
set_property package_pin P105 [get_ports DIP_SW3_P105]
endgroup
startgroup
set_property package_pin P104 [get_ports DIP_SW4_P104]
endgroup
startgroup
set_property package_pin P102 [get_ports DIP_SW5_P102]
endgroup
startgroup
set_property package_pin P101 [get_ports DIP_SW6_P101]
endgroup
startgroup
set_property package_pin P100 [get_ports DIP_SW7_P100]
endgroup
startgroup
set_property package_pin P99 [get_ports DIP_SW8_P99]
endgroup
startgroup
set_property package_pin P123 [get_ports OSC]
endgroup
save_constraints
exit
ERROR: [Common 17-39] 'stop_gui' failed due to earlier errors.
INFO: [Common 17-206] Exiting PlanAhead at Tue Oct 18 03:03:24 2022...
INFO: [Common 17-83] Releasing license: PlanAhead
