Release 14.7 - xst P.20131013 (nt64)
Copyright (c) 1995-2013 Xilinx, Inc.  All rights reserved.
--> Parameter TMPDIR set to xst/projnav.tmp


Total REAL time to Xst completion: 0.00 secs
Total CPU time to Xst completion: 0.13 secs
 
--> Parameter xsthdpdir set to xst


Total REAL time to Xst completion: 0.00 secs
Total CPU time to Xst completion: 0.13 secs
 
--> Reading design: Lab5.prj

TABLE OF CONTENTS
  1) Synthesis Options Summary
  2) HDL Parsing
  3) HDL Elaboration
  4) HDL Synthesis
       4.1) HDL Synthesis Report
  5) Advanced HDL Synthesis
       5.1) Advanced HDL Synthesis Report
  6) Low Level Synthesis
  7) Partition Report
  8) Design Summary
       8.1) Primitive and Black Box Usage
       8.2) Device utilization summary
       8.3) Partition Resource Summary
       8.4) Timing Report
            8.4.1) Clock Information
            8.4.2) Asynchronous Control Signals Information
            8.4.3) Timing Summary
            8.4.4) Timing Details
            8.4.5) Cross Clock Domains Report


=========================================================================
*                      Synthesis Options Summary                        *
=========================================================================
---- Source Parameters
Input File Name                    : "Lab5.prj"
Ignore Synthesis Constraint File   : NO

---- Target Parameters
Output File Name                   : "Lab5"
Output Format                      : NGC
Target Device                      : xc6slx9-3-tqg144

---- Source Options
Top Module Name                    : Lab5
Automatic FSM Extraction           : YES
FSM Encoding Algorithm             : Auto
Safe Implementation                : No
FSM Style                          : LUT
RAM Extraction                     : Yes
RAM Style                          : Auto
ROM Extraction                     : Yes
Shift Register Extraction          : YES
ROM Style                          : Auto
Resource Sharing                   : YES
Asynchronous To Synchronous        : NO
Shift Register Minimum Size        : 2
Use DSP Block                      : Auto
Automatic Register Balancing       : No

---- Target Options
LUT Combining                      : Auto
Reduce Control Sets                : Auto
Add IO Buffers                     : YES
Global Maximum Fanout              : 100000
Add Generic Clock Buffer(BUFG)     : 16
Register Duplication               : YES
Optimize Instantiated Primitives   : NO
Use Clock Enable                   : Auto
Use Synchronous Set                : Auto
Use Synchronous Reset              : Auto
Pack IO Registers into IOBs        : Auto
Equivalent register Removal        : YES

---- General Options
Optimization Goal                  : Speed
Optimization Effort                : 1
Power Reduction                    : NO
Keep Hierarchy                     : No
Netlist Hierarchy                  : As_Optimized
RTL Output                         : Yes
Global Optimization                : AllClockNets
Read Cores                         : YES
Write Timing Constraints           : NO
Cross Clock Analysis               : NO
Hierarchy Separator                : /
Bus Delimiter                      : <>
Case Specifier                     : Maintain
Slice Utilization Ratio            : 100
BRAM Utilization Ratio             : 100
DSP48 Utilization Ratio            : 100
Auto BRAM Packing                  : NO
Slice Utilization Ratio Delta      : 5

=========================================================================


=========================================================================
*                          HDL Parsing                                  *
=========================================================================
Analyzing Verilog file "E:\DigitalLab\Lab5\Lab5.vf" into library work
Parsing module <FJKC_HXILINX_Lab5>.
Parsing module <Lab5>.

=========================================================================
*                            HDL Elaboration                            *
=========================================================================

Elaborating module <Lab5>.

Elaborating module <AND2B2>.

Elaborating module <AND2B1>.

Elaborating module <AND2>.

Elaborating module <OR4>.

Elaborating module <OR3>.

Elaborating module <INV>.

Elaborating module <OR3B1>.

Elaborating module <OR2>.

Elaborating module <AND3B2>.

Elaborating module <OR5>.

Elaborating module <AND3B1>.

Elaborating module <VCC>.

Elaborating module <GND>.

Elaborating module <FJKC_HXILINX_Lab5>.

=========================================================================
*                           HDL Synthesis                               *
=========================================================================

Synthesizing Unit <Lab5>.
    Related source file is "E:\DigitalLab\Lab5\Lab5.vf".
    Set property "HU_SET = XLXI_128_2" for instance <XLXI_128>.
    Set property "HU_SET = XLXI_129_0" for instance <XLXI_129>.
    Set property "HU_SET = XLXI_130_1" for instance <XLXI_130>.
    Summary:
	no macro.
Unit <Lab5> synthesized.

Synthesizing Unit <FJKC_HXILINX_Lab5>.
    Related source file is "E:\DigitalLab\Lab5\Lab5.vf".
        INIT = 1'b0
    Found 1-bit register for signal <Q>.
    Summary:
	inferred   1 D-type flip-flop(s).
	inferred   2 Multiplexer(s).
Unit <FJKC_HXILINX_Lab5> synthesized.

=========================================================================
HDL Synthesis Report

Macro Statistics
# Registers                                            : 3
 1-bit register                                        : 3
# Multiplexers                                         : 6
 1-bit 2-to-1 multiplexer                              : 6

=========================================================================

=========================================================================
*                       Advanced HDL Synthesis                          *
=========================================================================


=========================================================================
Advanced HDL Synthesis Report

Macro Statistics
# Registers                                            : 3
 Flip-Flops                                            : 3
# Multiplexers                                         : 6
 1-bit 2-to-1 multiplexer                              : 6

=========================================================================

=========================================================================
*                         Low Level Synthesis                           *
=========================================================================

Optimizing unit <Lab5> ...

Optimizing unit <FJKC_HXILINX_Lab5> ...

Mapping all equations...
Building and optimizing final netlist ...
Found area constraint ratio of 100 (+ 5) on block Lab5, actual ratio is 0.

Final Macro Processing ...

=========================================================================
Final Register Report

Macro Statistics
# Registers                                            : 3
 Flip-Flops                                            : 3

=========================================================================

=========================================================================
*                           Partition Report                            *
=========================================================================

Partition Implementation Status
-------------------------------

  No Partitions were found in this design.

-------------------------------

=========================================================================
*                            Design Summary                             *
=========================================================================

Top Level Output File Name         : Lab5.ngc

Primitive and Black Box Usage:
------------------------------
# BELS                             : 45
#      AND2                        : 5
#      AND2B1                      : 8
#      AND2B2                      : 4
#      AND3B1                      : 1
#      AND3B2                      : 1
#      GND                         : 1
#      INV                         : 14
#      LUT3                        : 2
#      OR2                         : 2
#      OR3                         : 1
#      OR3B1                       : 1
#      OR4                         : 3
#      OR5                         : 1
#      VCC                         : 1
# FlipFlops/Latches                : 3
#      FDC                         : 3
# IO Buffers                       : 12
#      IBUF                        : 1
#      OBUF                        : 11

Device utilization summary:
---------------------------

Selected Device : 6slx9tqg144-3 


Slice Logic Utilization: 
 Number of Slice Registers:               3  out of  11440     0%  
 Number of Slice LUTs:                   16  out of   5720     0%  
    Number used as Logic:                16  out of   5720     0%  

Slice Logic Distribution: 
 Number of LUT Flip Flop pairs used:     19
   Number with an unused Flip Flop:      16  out of     19    84%  
   Number with an unused LUT:             3  out of     19    15%  
   Number of fully used LUT-FF pairs:     0  out of     19     0%  
   Number of unique control sets:         3

IO Utilization: 
 Number of IOs:                          12
 Number of bonded IOBs:                  12  out of    102    11%  

Specific Feature Utilization:

---------------------------
Partition Resource Summary:
---------------------------

  No Partitions were found in this design.

---------------------------


=========================================================================
Timing Report

NOTE: THESE TIMING NUMBERS ARE ONLY A SYNTHESIS ESTIMATE.
      FOR ACCURATE TIMING INFORMATION PLEASE REFER TO THE TRACE REPORT
      GENERATED AFTER PLACE-and-ROUTE.

Clock Information:
------------------
-----------------------------------+------------------------+-------+
Clock Signal                       | Clock buffer(FF name)  | Load  |
-----------------------------------+------------------------+-------+
XLXN_153(XLXI_136:O)               | NONE(*)(XLXI_130/Q)    | 3     |
-----------------------------------+------------------------+-------+
(*) This 1 clock signal(s) are generated by combinatorial logic,
and XST is not able to identify which are the primary clock signals.
Please use the CLOCK_SIGNAL constraint to specify the clock signal(s) generated by combinatorial logic.
INFO:Xst:2169 - HDL ADVISOR - Some clock signals were not automatically buffered by XST with BUFG/BUFR resources. Please use the buffer_type constraint in order to insert these buffers to the clock signals to help prevent skew problems.

Asynchronous Control Signals Information:
----------------------------------------
No asynchronous control signals found in this design

Timing Summary:
---------------
Speed Grade: -3

   Minimum period: 2.616ns (Maximum Frequency: 382.285MHz)
   Minimum input arrival time before clock: No path found
   Maximum output required time after clock: 11.004ns
   Maximum combinational path delay: No path found

Timing Details:
---------------
All values displayed in nanoseconds (ns)

=========================================================================
Timing constraint: Default period analysis for Clock 'XLXN_153'
  Clock period: 2.616ns (frequency: 382.285MHz)
  Total number of paths / destination ports: 9 / 3
-------------------------------------------------------------------------
Delay:               2.616ns (Levels of Logic = 3)
  Source:            XLXI_128/Q (FF)
  Destination:       XLXI_130/Q (FF)
  Source Clock:      XLXN_153 rising
  Destination Clock: XLXN_153 rising

  Data Path: XLXI_128/Q to XLXI_130/Q
                                Gate     Net
    Cell:in->out      fanout   Delay   Delay  Logical Name (Net Name)
    ----------------------------------------  ------------
     FDC:C->Q              5   0.447   1.059  Q (Q)
     end scope: 'XLXI_128:Q'
     AND2:I1->O            1   0.223   0.580  XLXI_140 (XLXN_204)
     begin scope: 'XLXI_130:J'
     LUT3:I2->O            1   0.205   0.000  Q_rstpot (Q_rstpot)
     FDC:D                     0.102          Q
    ----------------------------------------
    Total                      2.616ns (0.977ns logic, 1.639ns route)
                                       (37.3% logic, 62.7% route)

=========================================================================
Timing constraint: Default OFFSET OUT AFTER for Clock 'XLXN_153'
  Total number of paths / destination ports: 40 / 7
-------------------------------------------------------------------------
Offset:              11.004ns (Levels of Logic = 8)
  Source:            XLXI_128/Q (FF)
  Destination:       aa (PAD)
  Source Clock:      XLXN_153 rising

  Data Path: XLXI_128/Q to aa
                                Gate     Net
    Cell:in->out      fanout   Delay   Delay  Logical Name (Net Name)
    ----------------------------------------  ------------
     FDC:C->Q              5   0.447   0.714  Q (Q)
     end scope: 'XLXI_128:Q'
     INV:I->O              1   0.568   0.579  XLXI_158 (XLXN_191)
     INV:I->O              1   0.568   0.579  XLXI_157 (XLXN_242)
     INV:I->O              1   0.568   0.579  XLXI_162 (XLXN_199)
     INV:I->O             13   0.568   1.277  XLXI_163 (SW0_A)
     AND2B2:I1->O          2   0.223   0.845  XLXI_9 (XLXN_57)
     OR4:I3->O             1   0.339   0.579  XLXI_12 (aa_OBUF)
     OBUF:I->O                 2.571          aa_OBUF (aa)
    ----------------------------------------
    Total                     11.004ns (5.852ns logic, 5.152ns route)
                                       (53.2% logic, 46.8% route)

=========================================================================

Cross Clock Domains Report:
--------------------------

Clock to Setup on destination clock XLXN_153
---------------+---------+---------+---------+---------+
               | Src:Rise| Src:Fall| Src:Rise| Src:Fall|
Source Clock   |Dest:Rise|Dest:Rise|Dest:Fall|Dest:Fall|
---------------+---------+---------+---------+---------+
XLXN_153       |    2.616|         |         |         |
---------------+---------+---------+---------+---------+

=========================================================================


Total REAL time to Xst completion: 4.00 secs
Total CPU time to Xst completion: 4.14 secs
 
--> 

Total memory usage is 4487564 kilobytes

Number of errors   :    0 (   0 filtered)
Number of warnings :    0 (   0 filtered)
Number of infos    :    1 (   0 filtered)

